[LOG] System::create                           : Header version = 2.02.13. Current version = 2.02.13.
[LOG] Manager::init                            : maxchannels = 256 studioflags = 00000006 flags 00000000 extradriverdata 0000000000000000.
[LOG] SystemI::init                            : Initialize version=20213 (132591), maxchannels=256, flags=0x00020000
[LOG] SystemI::setOutputInternal               : Setting output to 'FMOD WASAPI Output'
[LOG] OutputWASAPI::init                       : Mix Format (WAVEFORMATEX): wFormatTag=0xFFFE, nChannels=2, nSamplesPerSec=48000, nAvgBytesPerSec=384000, nBlockAlign=8, wBitsPerSample=32, cbSize=22.
[LOG] OutputWASAPI::init                       : Mix Format (WAVEFORMATEXTENSIBLE): wValidBitsPerSample=32, dwChannelMask=0x00000003, SubFormat=00000003-0000-0010-8000-00AA00389B71.
[LOG] OutputWASAPI::init                       : Output buffer size: 4096 samples, latency: 0.00ms, period: 10.00ms, DSP buffer: 1024 * 4
[LOG] Thread::initThread                       : Init FMOD stream thread. Affinity: 0x4000000000000003, Priority: 0xFFFF7FFB, Stack Size: 98304, Semaphore: No, Sleep Time: 10, Looping: Yes.
[LOG] Thread::initThread                       : Init FMOD mixer thread. Affinity: 0x4000000000000001, Priority: 0xFFFF7FFA, Stack Size: 81920, Semaphore: No, Sleep Time: 0, Looping: Yes.
[LOG] AsyncManager::init                       : manager 0000027602B310F8 isAsync 0 updatePeriod 0.02
[LOG] AsyncManager::init                       : done
[LOG] PlaybackSystem::init                     : 
[LOG] Thread::initThread                       : Init FMOD Studio sample load thread. Affinity: 0x4000000000000003, Priority: 0xFFFF7FFD, Stack Size: 98304, Semaphore: No, Sleep Time: 1, Looping: No.
[LOG] PlaybackSystem::init                     : done
[LOG] Thread::initThread                       : Init FMOD Studio bank load thread. Affinity: 0x4000000000000003, Priority: 0xFFFF7FFD, Stack Size: 98304, Semaphore: No, Sleep Time: 1, Looping: No.
[LOG] Manager::init                            : done.
[LOG] SoundI::release                          : F_S_03_03_siren (00000275CA239DE8)
[LOG] SoundI::release                          :     F_S_03_03_siren (000002760198E088)
[LOG] SoundI::release                          :     F_S_03_03_siren (00000275CEA5FCB8)
[LOG] SystemI::createSound                     : filename = FuturityFMODProject/Build/Desktop/Master.bank : mode 02010082
[LOG] SystemI::createSound                     : FMOD_NONBLOCKING specified.  Putting into queue to be opened asynchronously!
[LOG] AsyncThread::add                         : add sound to async queue : soundi = 00000275CA23A4A8, queue head = 00000275CA070AD8, queue count = 0
[LOG] AsyncThread::threadFunc                  : Starting Asynchronous operation on sound 00000275CA23A4A8
[LOG] SystemI::createSoundInternal             :     Create name='FuturityFMODProject/Build/Desktop/Master.bank', mode=0x02010082
[LOG] SystemI::createSoundInternal             :     exinfo->cbsize             = 224
[LOG] SystemI::createSoundInternal             :     exinfo->length             = 9490624
[LOG] SystemI::createSoundInternal             :     exinfo->fileoffset         = 119936
[LOG] SystemI::createSoundInternal             :     exinfo->numsubsounds       = 1
[LOG] SystemI::createSoundInternal             :     exinfo->inclusionlist      = 00000276029E4950
[LOG] SystemI::createSoundInternal             :     exinfo->inclusionlistnum   = 1
[LOG] SystemI::createSoundInternal             :     exinfo->suggestedsoundtype = 5
[LOG] SystemI::createSoundInternal             :     exinfo->initialseekpostype = 1
[LOG] SystemI::createSoundInternal             :     Stream 0/1: name='F_S_03_03_siren', format=5, channels=1, frequency=44100, lengthbytes=97440, lengthpcm=519674, pcmblocksize=0, loopstart=0, loopend=0, mode=0x00000000, channelmask=0x00000000, channelorder=0, peakvolume=0.817322.
[LOG] AsyncThread::threadFunc                  : Finished Asynchronous operation on sound 00000275CA23A4A8
[LOG] SoundI::release                          : F_S_03_03_siren (00000275CA23A4A8)
[LOG] SoundI::release                          :     F_S_03_03_siren (0000027600A7AED8)
[LOG] SoundI::release                          :     F_S_03_03_siren (00000275DAF06408)
[LOG] SystemI::createSound                     : filename = FuturityFMODProject/Build/Desktop/Master.bank : mode 02010082
[LOG] SystemI::createSound                     : FMOD_NONBLOCKING specified.  Putting into queue to be opened asynchronously!
[LOG] AsyncThread::add                         : add sound to async queue : soundi = 00000275CEA5FCB8, queue head = 00000275CA070AD8, queue count = 0
[LOG] AsyncThread::threadFunc                  : Starting Asynchronous operation on sound 00000275CEA5FCB8
[LOG] SystemI::createSoundInternal             :     Create name='FuturityFMODProject/Build/Desktop/Master.bank', mode=0x02010082
[LOG] SystemI::createSoundInternal             :     exinfo->cbsize             = 224
[LOG] SystemI::createSoundInternal             :     exinfo->length             = 9490624
[LOG] SystemI::createSoundInternal             :     exinfo->fileoffset         = 119936
[LOG] SystemI::createSoundInternal             :     exinfo->numsubsounds       = 1
[LOG] SystemI::createSoundInternal             :     exinfo->inclusionlist      = 00000275D75AFF30
[LOG] SystemI::createSoundInternal             :     exinfo->inclusionlistnum   = 1
[LOG] SystemI::createSoundInternal             :     exinfo->suggestedsoundtype = 5
[LOG] SystemI::createSoundInternal             :     exinfo->initialseekpostype = 1
[LOG] SystemI::createSoundInternal             :     Stream 0/1: name='F_S_03_03_siren (2)', format=5, channels=2, frequency=44100, lengthbytes=333376, lengthpcm=1154304, pcmblocksize=0, loopstart=0, loopend=0, mode=0x00000000, channelmask=0x00000000, channelorder=0, peakvolume=0.863983.
[LOG] AsyncThread::threadFunc                  : Finished Asynchronous operation on sound 00000275CEA5FCB8
[LOG] SoundI::release                          : F_S_03_03_siren (2) (00000275CA23A658)
[LOG] SoundI::release                          :     F_S_03_03_siren (2) (0000027600A7B898)
[LOG] SoundI::release                          :     F_S_03_03_siren (2) (000002747EE664C8)
[LOG] SystemI::createSound                     : filename = FuturityFMODProject/Build/Desktop/Master.bank : mode 02010082
[LOG] SystemI::createSound                     : FMOD_NONBLOCKING specified.  Putting into queue to be opened asynchronously!
[LOG] AsyncThread::add                         : add sound to async queue : soundi = 00000275CD21D0E8, queue head = 00000275CA070AD8, queue count = 0
[LOG] AsyncThread::threadFunc                  : Starting Asynchronous operation on sound 00000275CD21D0E8
[LOG] SystemI::createSoundInternal             :     Create name='FuturityFMODProject/Build/Desktop/Master.bank', mode=0x02010082
[LOG] SystemI::createSoundInternal             :     exinfo->cbsize             = 224
[LOG] SystemI::createSoundInternal             :     exinfo->length             = 9490624
[LOG] SystemI::createSoundInternal             :     exinfo->fileoffset         = 119936
[LOG] SystemI::createSoundInternal             :     exinfo->numsubsounds       = 1
[LOG] SystemI::createSoundInternal             :     exinfo->inclusionlist      = 00000276006DFD50
[LOG] SystemI::createSoundInternal             :     exinfo->inclusionlistnum   = 1
[LOG] SystemI::createSoundInternal             :     exinfo->suggestedsoundtype = 5
[LOG] SystemI::createSoundInternal             :     exinfo->initialseekpostype = 1
[LOG] SystemI::createSoundInternal             :     Stream 0/1: name='F_S_03_03_siren (1)', format=5, channels=2, frequency=44100, lengthbytes=403232, lengthpcm=1157760, pcmblocksize=0, loopstart=0, loopend=0, mode=0x00000000, channelmask=0x00000000, channelorder=0, peakvolume=0.813354.
[LOG] AsyncThread::threadFunc                  : Finished Asynchronous operation on sound 00000275CD21D0E8
[LOG] SoundI::release                          : F_S_03_03_siren (1) (000002747EE653E8)
[LOG] SoundI::release                          :     F_S_03_03_siren (1) (000002760198E3C8)
[LOG] SoundI::release                          :     F_S_03_03_siren (1) (00000275CEA606D8)
[LOG] SystemI::createSound                     : filename = FuturityFMODProject/Build/Desktop/Master.bank : mode 02010082
[LOG] SystemI::createSound                     : FMOD_NONBLOCKING specified.  Putting into queue to be opened asynchronously!
[LOG] AsyncThread::add                         : add sound to async queue : soundi = 00000275CA2398D8, queue head = 00000275CA070AD8, queue count = 0
[LOG] AsyncThread::threadFunc                  : Starting Asynchronous operation on sound 00000275CA2398D8
[LOG] SystemI::createSoundInternal             :     Create name='FuturityFMODProject/Build/Desktop/Master.bank', mode=0x02010082
[LOG] SystemI::createSoundInternal             :     exinfo->cbsize             = 224
[LOG] SystemI::createSoundInternal             :     exinfo->length             = 9490624
[LOG] SystemI::createSoundInternal             :     exinfo->fileoffset         = 119936
[LOG] SystemI::createSoundInternal             :     exinfo->numsubsounds       = 1
[LOG] SystemI::createSoundInternal             :     exinfo->inclusionlist      = 00000276029E4D10
[LOG] SystemI::createSoundInternal             :     exinfo->inclusionlistnum   = 1
[LOG] SystemI::createSoundInternal             :     exinfo->suggestedsoundtype = 5
[LOG] SystemI::createSoundInternal             :     exinfo->initialseekpostype = 1
[LOG] SystemI::createSoundInternal             :     Stream 0/1: name='F_S_03_03_siren', format=5, channels=1, frequency=44100, lengthbytes=97440, lengthpcm=519674, pcmblocksize=0, loopstart=0, loopend=0, mode=0x00000000, channelmask=0x00000000, channelorder=0, peakvolume=0.817322.
[LOG] AsyncThread::threadFunc                  : Finished Asynchronous operation on sound 00000275CA2398D8
[LOG] SystemI::createSound                     : filename = FuturityFMODProject/Build/Desktop/Master.bank : mode 02010082
[LOG] SystemI::createSound                     : FMOD_NONBLOCKING specified.  Putting into queue to be opened asynchronously!
[LOG] AsyncThread::add                         : add sound to async queue : soundi = 00000275CA239DE8, queue head = 00000275CA070AD8, queue count = 0
[LOG] AsyncThread::threadFunc                  : Starting Asynchronous operation on sound 00000275CA239DE8
[LOG] SystemI::createSoundInternal             :     Create name='FuturityFMODProject/Build/Desktop/Master.bank', mode=0x02010082
[LOG] SystemI::createSoundInternal             :     exinfo->cbsize             = 224
[LOG] SystemI::createSoundInternal             :     exinfo->length             = 9490624
[LOG] SystemI::createSoundInternal             :     exinfo->fileoffset         = 119936
[LOG] SystemI::createSoundInternal             :     exinfo->numsubsounds       = 1
[LOG] SystemI::createSoundInternal             :     exinfo->inclusionlist      = 00000276029E6390
[LOG] SystemI::createSoundInternal             :     exinfo->inclusionlistnum   = 1
[LOG] SystemI::createSoundInternal             :     exinfo->suggestedsoundtype = 5
[LOG] SystemI::createSoundInternal             :     exinfo->initialseekpostype = 1
[LOG] SystemI::createSoundInternal             :     Stream 0/1: name='AMB_RuinApartment', format=5, channels=2, frequency=44100, lengthbytes=732608, lengthpcm=2116915, pcmblocksize=0, loopstart=0, loopend=0, mode=0x00000000, channelmask=0x00000000, channelorder=0, peakvolume=0.728302.
[LOG] AsyncThread::threadFunc                  : Finished Asynchronous operation on sound 00000275CA239DE8
[LOG] SoundI::release                          : AMB_RuinApartment (00000275CA239C38)
[LOG] SoundI::release                          :     AMB_RuinApartment (00000275D8BA2268)
[LOG] SoundI::release                          :     AMB_RuinApartment (00000275CD21D298)
[LOG] SoundI::release                          : F_S_03_03_siren (00000275CA2398D8)
[LOG] SoundI::release                          :     F_S_03_03_siren (00000275DABD2BF8)
[LOG] SoundI::release                          :     F_S_03_03_siren (00000275D38E35C8)
[LOG] SystemI::createSound                     : filename = FuturityFMODProject/Build/Desktop/Master.bank : mode 02010082
[LOG] SystemI::createSound                     : FMOD_NONBLOCKING specified.  Putting into queue to be opened asynchronously!
[LOG] AsyncThread::add                         : add sound to async queue : soundi = 00000275FF407F78, queue head = 00000275CA070AD8, queue count = 0
[LOG] AsyncThread::threadFunc                  : Starting Asynchronous operation on sound 00000275FF407F78
[LOG] SystemI::createSoundInternal             :     Create name='FuturityFMODProject/Build/Desktop/Master.bank', mode=0x02010082
[LOG] SystemI::createSoundInternal             :     exinfo->cbsize             = 224
[LOG] SystemI::createSoundInternal             :     exinfo->length             = 9490624
[LOG] SystemI::createSoundInternal             :     exinfo->fileoffset         = 119936
[LOG] SystemI::createSoundInternal             :     exinfo->numsubsounds       = 1
[LOG] SystemI::createSoundInternal             :     exinfo->inclusionlist      = 000002760B5068A0
[LOG] SystemI::createSoundInternal             :     exinfo->inclusionlistnum   = 1
[LOG] SystemI::createSoundInternal             :     exinfo->suggestedsoundtype = 5
[LOG] SystemI::createSoundInternal             :     exinfo->initialseekpostype = 1
[LOG] SystemI::createSoundInternal             :     Stream 0/1: name='F_S_03_03_siren (1)', format=5, channels=2, frequency=44100, lengthbytes=403232, lengthpcm=1157760, pcmblocksize=0, loopstart=0, loopend=0, mode=0x00000000, channelmask=0x00000000, channelorder=0, peakvolume=0.813354.
[LOG] AsyncThread::threadFunc                  : Finished Asynchronous operation on sound 00000275FF407F78
[LOG] SoundI::release                          : F_S_03_03_siren (2) (00000275CEA5FCB8)
[LOG] SoundI::release                          :     F_S_03_03_siren (2) (0000027600A7AED8)
[LOG] SoundI::release                          :     F_S_03_03_siren (2) (000002747EE65C58)
[LOG] SystemI::createSound                     : filename = FuturityFMODProject/Build/Desktop/Master.bank : mode 02010082
[LOG] SystemI::createSound                     : FMOD_NONBLOCKING specified.  Putting into queue to be opened asynchronously!
[LOG] AsyncThread::add                         : add sound to async queue : soundi = 00000275CEA606D8, queue head = 00000275CA070AD8, queue count = 0
[LOG] AsyncThread::threadFunc                  : Starting Asynchronous operation on sound 00000275CEA606D8
[LOG] SystemI::createSoundInternal             :     Create name='FuturityFMODProject/Build/Desktop/Master.bank', mode=0x02010082
[LOG] SystemI::createSoundInternal             :     exinfo->cbsize             = 224
[LOG] SystemI::createSoundInternal             :     exinfo->length             = 9490624
[LOG] SystemI::createSoundInternal             :     exinfo->fileoffset         = 119936
[LOG] SystemI::createSoundInternal             :     exinfo->numsubsounds       = 1
[LOG] SystemI::createSoundInternal             :     exinfo->inclusionlist      = 00000275D75AE130
[LOG] SystemI::createSoundInternal             :     exinfo->inclusionlistnum   = 1
[LOG] SystemI::createSoundInternal             :     exinfo->suggestedsoundtype = 5
[LOG] SystemI::createSoundInternal             :     exinfo->initialseekpostype = 1
[LOG] SystemI::createSoundInternal             :     Stream 0/1: name='F_S_03_03_siren (2)', format=5, channels=2, frequency=44100, lengthbytes=333376, lengthpcm=1154304, pcmblocksize=0, loopstart=0, loopend=0, mode=0x00000000, channelmask=0x00000000, channelorder=0, peakvolume=0.863983.
[LOG] AsyncThread::threadFunc                  : Finished Asynchronous operation on sound 00000275CEA606D8
[LOG] SoundI::release                          : F_S_03_03_siren (1) (00000275CD21D0E8)
[LOG] SoundI::release                          :     F_S_03_03_siren (1) (000002760198E088)
[LOG] SoundI::release                          :     F_S_03_03_siren (1) (00000275CEA5FE68)
[LOG] SystemI::createSound                     : filename = FuturityFMODProject/Build/Desktop/Master.bank : mode 02010082
[LOG] SystemI::createSound                     : FMOD_NONBLOCKING specified.  Putting into queue to be opened asynchronously!
[LOG] AsyncThread::add                         : add sound to async queue : soundi = 00000275CEA5FCB8, queue head = 00000275CA070AD8, queue count = 0
[LOG] AsyncThread::threadFunc                  : Starting Asynchronous operation on sound 00000275CEA5FCB8
[LOG] SystemI::createSoundInternal             :     Create name='FuturityFMODProject/Build/Desktop/Master.bank', mode=0x02010082
[LOG] SystemI::createSoundInternal             :     exinfo->cbsize             = 224
[LOG] SystemI::createSoundInternal             :     exinfo->length             = 9490624
[LOG] SystemI::createSoundInternal             :     exinfo->fileoffset         = 119936
[LOG] SystemI::createSoundInternal             :     exinfo->numsubsounds       = 1
[LOG] SystemI::createSoundInternal             :     exinfo->inclusionlist      = 00000275D75AE4F0
[LOG] SystemI::createSoundInternal             :     exinfo->inclusionlistnum   = 1
[LOG] SystemI::createSoundInternal             :     exinfo->suggestedsoundtype = 5
[LOG] SystemI::createSoundInternal             :     exinfo->initialseekpostype = 1
[LOG] SystemI::createSoundInternal             :     Stream 0/1: name='F_S_03_03_siren', format=5, channels=1, frequency=44100, lengthbytes=97440, lengthpcm=519674, pcmblocksize=0, loopstart=0, loopend=0, mode=0x00000000, channelmask=0x00000000, channelorder=0, peakvolume=0.817322.
[LOG] AsyncThread::threadFunc                  : Finished Asynchronous operation on sound 00000275CEA5FCB8
[LOG] Thread::callback                         : FMOD Studio bank load thread finished.
[LOG] Thread::callback                         : FMOD Studio sample load thread finished.
[LOG] LiveUpdate::release                      : 
[LOG] LiveUpdate::reset                        : Reset connection (reason Disconnected)
[LOG] Thread::callback                         : FMOD stream thread finished.
[LOG] Thread::callback                         : FMOD mixer thread finished.
[LOG] SystemI::close                           : Closed.
[LOG] SoundI::release                          : F_S_03_03_siren (00000275CEA5FCB8)
[LOG] SoundI::release                          :     F_S_03_03_siren (00000275DABD3A98)
[LOG] SoundI::release                          :     F_S_03_03_siren (00000274866ED098)
[LOG] SoundI::release                          : F_S_03_03_siren (2) (00000275CEA606D8)
[LOG] SoundI::release                          :     F_S_03_03_siren (2) (00000275DABD2A58)
[LOG] SoundI::release                          :     F_S_03_03_siren (2) (00000275D38E35C8)
[LOG] SoundI::release                          : F_S_03_03_siren (1) (00000275FF407F78)
[LOG] SoundI::release                          :     F_S_03_03_siren (1) (00000275DABD3418)
[LOG] SoundI::release                          :     F_S_03_03_siren (1) (00000275D38E30B8)
[LOG] SoundI::release                          : AMB_RuinApartment (00000275CA239DE8)
[LOG] SoundI::release                          :     AMB_RuinApartment (00000275DABD38F8)
[LOG] SoundI::release                          :     AMB_RuinApartment (00000275D38E3418)
[LOG] SoundI::release                          :  (00000276026F8408)
[LOG] SoundI::release                          :     MetalFriction, Metal Shelf Creaking 01 (18), Metal Shelf Creaking 01 (18) (00000276009859C8)
[LOG] SoundI::release                          :  (00000276026F7FB8)
[LOG] SoundI::release                          :     MetalFriction, Vibration,File cabinet,Steel,Rattle,Oscillate,Sluggish (15), Vibration,File cabinet,Steel,Rattle,Oscillate,Sluggish (15) (0000027601E57078)
[LOG] SoundI::release                          :  (00000276026F7718)
[LOG] SoundI::release                          :     MetalFriction, Vibration,File cabinet,Steel,Rattle,Oscillate,Sluggish (15), Vibration,File cabinet,Steel,Rattle,Oscillate,Sluggish (16) (00000275D8BA2A88)
[LOG] SoundI::release                          :  (00000276026F79F8)
[LOG] SoundI::release                          :     MetalFriction, Creepy Door, Fast Metal Creak_02 (17), Creepy Door, Fast Metal Creak_02 (17) (00000275D8BA2748)
[LOG] SoundI::release                          :  (00000276026F4638)
[LOG] SoundI::release                          :     FS Concrete Soldier Crouch N05 (0000027600985EA8)
[LOG] SoundI::release                          :  (00000276026F5608)
[LOG] SoundI::release                          :     FS Concrete Soldier Crouch N02 (0000027600986868)
[LOG] SoundI::release                          :  (00000276026F34F8)
[LOG] SoundI::release                          :     Metal,Crash,Concrete,Sheet Metal,20 Gauge,Slow,Complex (00000275D8BA28E8)
[LOG] SoundI::release                          :  (00000276026F4078)
[LOG] SoundI::release                          :     Rupture - Concrete_Impact_B02 (0000027600986EE8)
[LOG] SoundI::release                          :  (00000276026F75A8)
[LOG] SoundI::release                          :     Drop Rock on Rock_RBD 02 (0000027601E57218)
[LOG] SoundI::release                          :  (00000276026F4D68)
[LOG] SoundI::release                          :     DropStones, props stones small multiple dropped on the concrete fl (19) (0000027600986D48)
[LOG] SoundI::release                          :  (00000276026F72C8)
[LOG] SoundI::release                          :     DropStones, props stones small multiple dropped on the concrete fl (21) (0000027601E573B8)
[LOG] SoundI::release                          :  (00000276026F7158)
[LOG] SoundI::release                          :     DropStones, props stones small multiple dropped on the concrete fl (23) (0000027600985688)
[LOG] Thread::callback                         : FMOD Studio update thread finished.
[LOG] Thread::callback                         : FMOD Studio bank load thread finished.
[LOG] Profile::disconnectAll                   : Profiler disconnecting all clients
[LOG] Thread::callback                         : FMOD Studio sample load thread finished.
[LOG] LiveUpdate::release                      : 
[LOG] LiveUpdate::reset                        : Reset connection (reason Disconnected)
[LOG] Thread::callback                         : FMOD stream thread finished.
[LOG] Thread::callback                         : FMOD mixer thread finished.
[LOG] Profile::disconnectAll                   : Profiler disconnecting all clients
[LOG] SystemI::close                           : Closed.
[LOG] Thread::callback                         : FMOD nonblocking thread (0) finished.
[LOG] Thread::callback                         : FMOD file thread finished.
